<?xml version="1.0" encoding="UTF-8"?>

<beans xmlns="http://www.springframework.org/schema/beans"
       xmlns:xsi="http://www.w3.org/2001/XMLSchema-instance"
       xmlns:context="http://www.springframework.org/schema/context"
       xsi:schemaLocation="http://www.springframework.org/schema/beans http://www.springframework.org/schema/beans/spring-beans-3.0.xsd
         http://www.springframework.org/schema/context http://www.springframework.org/schema/context/spring-context.xsd">



    <context:property-placeholder location="classpath*:public-contract.properties"
                                  ignore-unresolvable="true"/>




    <bean class="org.springframework.web.client.RestTemplate">
        <constructor-arg>
            <bean class="org.springframework.http.client.HttpComponentsClientHttpRequestFactory">
                <constructor-arg ref="httpClient" />
                <property name="readTimeout" value="${application.urlReadTimeout}" />
                <property name="connectTimeout" value="${application.urlConnectionTimeout}" />
            </bean>
        </constructor-arg>
        <property name="messageConverters">
            <list>
                <bean class="org.springframework.http.converter.StringHttpMessageConverter">
                    <constructor-arg value="UTF-8"/>
                </bean>
            </list>
        </property>
    </bean>

    <bean id="httpClient" class="eu.profinit.publiccontracts.service.http.CustomHttpClientFactory" />

    <bean class="eu.profinit.publiccontracts.db.DatabaseConnectionFactory">
        <property name="server" value="${db.target.server}"/>
        <property name="port" value="${db.target.port}"/>
        <property name="database" value="${db.target.database}"/>
        <property name="user" value="${db.target.user}"/>
        <property name="pass" value="${db.target.pass}"/>
    </bean>
    <bean class="eu.profinit.publiccontracts.service.impl.DatabaseServiceImpl"/>
    <bean class="eu.profinit.publiccontracts.service.impl.ISVZServiceImpl"/>
    <bean class="eu.profinit.publiccontracts.service.impl.ISVZCrawlerServiceImpl">
        <property name="url" value="${isvz.crawler.url}"/>
    </bean>

</beans>